build/outputs/logs/manifest-merger-debug-report.txt
-- Merging decision tree log ---
manifest
ADDED from examples\ChatDemoUI3.0\AndroidManifest.xml:2:1-506:12
	package
		ADDED from examples\ChatDemoUI3.0\AndroidManifest.xml:4:11-45
		INJECTED from examples\ChatDemoUI3.0\AndroidManifest.xml
		INJECTED from examples\ChatDemoUI3.0\AndroidManifest.xml
	android:versionName
		ADDED from examples\ChatDemoUI3.0\AndroidManifest.xml:5:11-38
		INJECTED from examples\ChatDemoUI3.0\AndroidManifest.xml
		INJECTED from examples\ChatDemoUI3.0\AndroidManifest.xml
	xmlns:tools
		ADDED from examples\ChatDemoUI3.0\AndroidManifest.xml:3:11-57
	android:versionCode
		ADDED from examples\ChatDemoUI3.0\AndroidManifest.xml:6:11-35
		INJECTED from examples\ChatDemoUI3.0\AndroidManifest.xml
		INJECTED from examples\ChatDemoUI3.0\AndroidManifest.xml
	xmlns:android
		ADDED from examples\ChatDemoUI3.0\AndroidManifest.xml:2:11-69
uses-sdk
ADDED from examples\ChatDemoUI3.0\AndroidManifest.xml:9:5-13:11
MERGED from [com.android.support:multidex:1.0.1] AndroidManifest.xml:18:5-42
MERGED from [ChatDemoUI3.0:redpacketlibrary:unspecified] AndroidManifest.xml:7:5-9:41
MERGED from [ChatDemoUI3.0:EaseUI:unspecified] AndroidManifest.xml:7:5-9:41
	tools:overrideLibrary
		ADDED from examples\ChatDemoUI3.0\AndroidManifest.xml:12:9-56
	android:targetSdkVersion
		ADDED from examples\ChatDemoUI3.0\AndroidManifest.xml:11:9-38
		INJECTED from examples\ChatDemoUI3.0\AndroidManifest.xml
		INJECTED from examples\ChatDemoUI3.0\AndroidManifest.xml
	android:minSdkVersion
		ADDED from examples\ChatDemoUI3.0\AndroidManifest.xml:10:9-35
		INJECTED from examples\ChatDemoUI3.0\AndroidManifest.xml
		INJECTED from examples\ChatDemoUI3.0\AndroidManifest.xml
uses-permission#com.android.launcher.permission.INSTALL_SHORTCUT
ADDED from examples\ChatDemoUI3.0\AndroidManifest.xml:16:5-88
	android:name
		ADDED from examples\ChatDemoUI3.0\AndroidManifest.xml:16:22-85
uses-permission#com.android.launcher.permission.UNINSTALL_SHORTCUT
ADDED from examples\ChatDemoUI3.0\AndroidManifest.xml:17:5-90
	android:name
		ADDED from examples\ChatDemoUI3.0\AndroidManifest.xml:17:22-87
uses-permission#android.permission.VIBRATE
ADDED from examples\ChatDemoUI3.0\AndroidManifest.xml:19:5-66
	android:name
		ADDED from examples\ChatDemoUI3.0\AndroidManifest.xml:19:22-63
uses-permission#android.permission.INTERNET
ADDED from examples\ChatDemoUI3.0\AndroidManifest.xml:20:5-67
	android:name
		ADDED from examples\ChatDemoUI3.0\AndroidManifest.xml:20:22-64
uses-permission#android.permission.RECORD_AUDIO
ADDED from examples\ChatDemoUI3.0\AndroidManifest.xml:21:5-71
	android:name
		ADDED from examples\ChatDemoUI3.0\AndroidManifest.xml:21:22-68
uses-permission#android.permission.CAMERA
ADDED from examples\ChatDemoUI3.0\AndroidManifest.xml:22:5-65
	android:name
		ADDED from examples\ChatDemoUI3.0\AndroidManifest.xml:22:22-62
uses-permission#android.permission.ACCESS_NETWORK_STATE
ADDED from examples\ChatDemoUI3.0\AndroidManifest.xml:23:5-79
	android:name
		ADDED from examples\ChatDemoUI3.0\AndroidManifest.xml:23:22-76
uses-permission#android.permission.WRITE_EXTERNAL_STORAGE
ADDED from examples\ChatDemoUI3.0\AndroidManifest.xml:24:5-81
	android:name
		ADDED from examples\ChatDemoUI3.0\AndroidManifest.xml:24:22-78
uses-permission#android.permission.MOUNT_UNMOUNT_FILESYSTEMS
ADDED from examples\ChatDemoUI3.0\AndroidManifest.xml:25:5-84
	android:name
		ADDED from examples\ChatDemoUI3.0\AndroidManifest.xml:25:22-81
uses-permission#android.permission.ACCESS_FINE_LOCATION
ADDED from examples\ChatDemoUI3.0\AndroidManifest.xml:26:5-79
	android:name
		ADDED from examples\ChatDemoUI3.0\AndroidManifest.xml:26:22-76
uses-permission#android.permission.GET_TASKS
ADDED from examples\ChatDemoUI3.0\AndroidManifest.xml:27:5-68
	android:name
		ADDED from examples\ChatDemoUI3.0\AndroidManifest.xml:27:22-65
uses-permission#android.permission.ACCESS_WIFI_STATE
ADDED from examples\ChatDemoUI3.0\AndroidManifest.xml:28:5-76
	android:name
		ADDED from examples\ChatDemoUI3.0\AndroidManifest.xml:28:22-73
uses-permission#android.permission.CHANGE_WIFI_STATE
ADDED from examples\ChatDemoUI3.0\AndroidManifest.xml:29:5-76
	android:name
		ADDED from examples\ChatDemoUI3.0\AndroidManifest.xml:29:22-73
uses-permission#android.permission.WAKE_LOCK
ADDED from examples\ChatDemoUI3.0\AndroidManifest.xml:30:5-68
	android:name
		ADDED from examples\ChatDemoUI3.0\AndroidManifest.xml:30:22-65
uses-permission#android.permission.MODIFY_AUDIO_SETTINGS
ADDED from examples\ChatDemoUI3.0\AndroidManifest.xml:31:5-80
	android:name
		ADDED from examples\ChatDemoUI3.0\AndroidManifest.xml:31:22-77
uses-permission#android.permission.READ_PHONE_STATE
ADDED from examples\ChatDemoUI3.0\AndroidManifest.xml:32:5-75
	android:name
		ADDED from examples\ChatDemoUI3.0\AndroidManifest.xml:32:22-72
uses-permission#android.permission.RECEIVE_BOOT_COMPLETED
ADDED from examples\ChatDemoUI3.0\AndroidManifest.xml:33:5-81
	android:name
		ADDED from examples\ChatDemoUI3.0\AndroidManifest.xml:33:22-78
uses-permission#android.permission.USE_CREDENTIALS
ADDED from examples\ChatDemoUI3.0\AndroidManifest.xml:34:5-74
	android:name
		ADDED from examples\ChatDemoUI3.0\AndroidManifest.xml:34:22-71
uses-permission#com.android.launcher.permission.READ_SETTINGS
ADDED from examples\ChatDemoUI3.0\AndroidManifest.xml:35:5-85
	android:name
		ADDED from examples\ChatDemoUI3.0\AndroidManifest.xml:35:22-82
uses-permission#android.permission.BROADCAST_STICKY
ADDED from examples\ChatDemoUI3.0\AndroidManifest.xml:36:5-75
	android:name
		ADDED from examples\ChatDemoUI3.0\AndroidManifest.xml:36:22-72
uses-permission#android.permission.WRITE_SETTINGS
ADDED from examples\ChatDemoUI3.0\AndroidManifest.xml:37:5-73
	android:name
		ADDED from examples\ChatDemoUI3.0\AndroidManifest.xml:37:22-70
uses-permission#android.permission.REQUEST_IGNORE_BATTERY_OPTIMIZATIONS
ADDED from examples\ChatDemoUI3.0\AndroidManifest.xml:38:5-95
	android:name
		ADDED from examples\ChatDemoUI3.0\AndroidManifest.xml:38:22-92
uses-permission#com.google.android.c2dm.permission.RECEIVE
ADDED from examples\ChatDemoUI3.0\AndroidManifest.xml:41:5-82
	android:name
		ADDED from examples\ChatDemoUI3.0\AndroidManifest.xml:41:22-79
permission#com.hyphenate.chatuidemo.permission.C2D_MESSAGE
ADDED from examples\ChatDemoUI3.0\AndroidManifest.xml:42:5-45:11
	android:protectionLevel
		ADDED from examples\ChatDemoUI3.0\AndroidManifest.xml:44:9-44
	android:name
		ADDED from examples\ChatDemoUI3.0\AndroidManifest.xml:43:9-71
uses-permission#com.hyphenate.chatuidemo.permission.C2D_MESSAGE
ADDED from examples\ChatDemoUI3.0\AndroidManifest.xml:46:5-87
	android:name
		ADDED from examples\ChatDemoUI3.0\AndroidManifest.xml:46:22-84
permission#com.hyphenate.chatuidemo.permission.MIPUSH_RECEIVE
ADDED from examples\ChatDemoUI3.0\AndroidManifest.xml:48:5-50:47
	android:protectionLevel
		ADDED from examples\ChatDemoUI3.0\AndroidManifest.xml:50:9-44
	android:name
		ADDED from examples\ChatDemoUI3.0\AndroidManifest.xml:49:9-74
uses-permission#com.hyphenate.chatuidemo.permission.MIPUSH_RECEIVE
ADDED from examples\ChatDemoUI3.0\AndroidManifest.xml:52:6-91
	android:name
		ADDED from examples\ChatDemoUI3.0\AndroidManifest.xml:52:23-88
application
ADDED from examples\ChatDemoUI3.0\AndroidManifest.xml:54:5-505:25
	android:label
		ADDED from examples\ChatDemoUI3.0\AndroidManifest.xml:58:9-41
	android:allowBackup
		ADDED from examples\ChatDemoUI3.0\AndroidManifest.xml:56:9-35
	android:icon
		ADDED from examples\ChatDemoUI3.0\AndroidManifest.xml:57:9-48
	android:name
		ADDED from examples\ChatDemoUI3.0\AndroidManifest.xml:55:9-39
activity#com.hyphenate.chatuidemo.ui.MainActivity
ADDED from examples\ChatDemoUI3.0\AndroidManifest.xml:59:9-65:20
	android:screenOrientation
		ADDED from examples\ChatDemoUI3.0\AndroidManifest.xml:62:13-49
	android:launchMode
		ADDED from examples\ChatDemoUI3.0\AndroidManifest.xml:61:13-44
	android:windowSoftInputMode
		ADDED from examples\ChatDemoUI3.0\AndroidManifest.xml:64:13-52
	android:theme
		ADDED from examples\ChatDemoUI3.0\AndroidManifest.xml:63:13-52
	android:name
		ADDED from examples\ChatDemoUI3.0\AndroidManifest.xml:60:13-68
activity#com.hyphenate.chatuidemo.ui.SplashActivity
ADDED from examples\ChatDemoUI3.0\AndroidManifest.xml:68:9-76:20
	android:screenOrientation
		ADDED from examples\ChatDemoUI3.0\AndroidManifest.xml:70:13-49
	android:theme
		ADDED from examples\ChatDemoUI3.0\AndroidManifest.xml:71:13-52
	android:name
		ADDED from examples\ChatDemoUI3.0\AndroidManifest.xml:69:13-70
intent-filter#android.intent.action.MAIN+android.intent.category.LAUNCHER
ADDED from examples\ChatDemoUI3.0\AndroidManifest.xml:72:13-75:29
action#android.intent.action.MAIN
ADDED from examples\ChatDemoUI3.0\AndroidManifest.xml:73:17-69
	android:name
		ADDED from examples\ChatDemoUI3.0\AndroidManifest.xml:73:25-66
category#android.intent.category.LAUNCHER
ADDED from examples\ChatDemoUI3.0\AndroidManifest.xml:74:17-77
	android:name
		ADDED from examples\ChatDemoUI3.0\AndroidManifest.xml:74:27-74
activity#com.hyphenate.chatuidemo.ui.LoginActivity
ADDED from examples\ChatDemoUI3.0\AndroidManifest.xml:79:9-84:20
	android:screenOrientation
		ADDED from examples\ChatDemoUI3.0\AndroidManifest.xml:81:13-49
	android:windowSoftInputMode
		ADDED from examples\ChatDemoUI3.0\AndroidManifest.xml:83:13-68
	android:theme
		ADDED from examples\ChatDemoUI3.0\AndroidManifest.xml:82:13-52
	android:name
		ADDED from examples\ChatDemoUI3.0\AndroidManifest.xml:80:13-69
activity#com.hyphenate.chatuidemo.ui.RegisterActivity
ADDED from examples\ChatDemoUI3.0\AndroidManifest.xml:87:9-92:20
	android:screenOrientation
		ADDED from examples\ChatDemoUI3.0\AndroidManifest.xml:89:13-49
	android:windowSoftInputMode
		ADDED from examples\ChatDemoUI3.0\AndroidManifest.xml:91:13-68
	android:theme
		ADDED from examples\ChatDemoUI3.0\AndroidManifest.xml:90:13-52
	android:name
		ADDED from examples\ChatDemoUI3.0\AndroidManifest.xml:88:13-72
activity#com.hyphenate.chatuidemo.ui.ChatActivity
ADDED from examples\ChatDemoUI3.0\AndroidManifest.xml:95:9-101:20
	android:screenOrientation
		ADDED from examples\ChatDemoUI3.0\AndroidManifest.xml:98:13-49
	android:launchMode
		ADDED from examples\ChatDemoUI3.0\AndroidManifest.xml:97:13-44
	android:windowSoftInputMode
		ADDED from examples\ChatDemoUI3.0\AndroidManifest.xml:100:13-55
	android:theme
		ADDED from examples\ChatDemoUI3.0\AndroidManifest.xml:99:13-52
	android:name
		ADDED from examples\ChatDemoUI3.0\AndroidManifest.xml:96:13-68
activity#com.hyphenate.chatuidemo.ui.AddContactActivity
ADDED from examples\ChatDemoUI3.0\AndroidManifest.xml:103:9-108:20
	android:screenOrientation
		ADDED from examples\ChatDemoUI3.0\AndroidManifest.xml:105:13-49
	android:windowSoftInputMode
		ADDED from examples\ChatDemoUI3.0\AndroidManifest.xml:106:13-55
	android:theme
		ADDED from examples\ChatDemoUI3.0\AndroidManifest.xml:107:13-52
	android:name
		ADDED from examples\ChatDemoUI3.0\AndroidManifest.xml:104:13-74
activity#com.hyphenate.chatuidemo.ui.GroupDetailsActivity
ADDED from examples\ChatDemoUI3.0\AndroidManifest.xml:110:9-114:20
	android:screenOrientation
		ADDED from examples\ChatDemoUI3.0\AndroidManifest.xml:112:13-49
	android:theme
		ADDED from examples\ChatDemoUI3.0\AndroidManifest.xml:113:13-52
	android:name
		ADDED from examples\ChatDemoUI3.0\AndroidManifest.xml:111:13-76
activity#com.hyphenate.chatuidemo.ui.GroupsActivity
ADDED from examples\ChatDemoUI3.0\AndroidManifest.xml:116:9-121:20
	android:screenOrientation
		ADDED from examples\ChatDemoUI3.0\AndroidManifest.xml:118:13-49
	android:windowSoftInputMode
		ADDED from examples\ChatDemoUI3.0\AndroidManifest.xml:120:13-52
	android:theme
		ADDED from examples\ChatDemoUI3.0\AndroidManifest.xml:119:13-52
	android:name
		ADDED from examples\ChatDemoUI3.0\AndroidManifest.xml:117:13-70
activity#com.hyphenate.chatuidemo.ui.ChatRoomDetailsActivity
ADDED from examples\ChatDemoUI3.0\AndroidManifest.xml:124:9-128:20
	android:screenOrientation
		ADDED from examples\ChatDemoUI3.0\AndroidManifest.xml:126:13-49
	android:theme
		ADDED from examples\ChatDemoUI3.0\AndroidManifest.xml:127:13-52
	android:name
		ADDED from examples\ChatDemoUI3.0\AndroidManifest.xml:125:13-79
activity#com.hyphenate.chatuidemo.ui.NewGroupActivity
ADDED from examples\ChatDemoUI3.0\AndroidManifest.xml:131:9-136:20
	android:screenOrientation
		ADDED from examples\ChatDemoUI3.0\AndroidManifest.xml:133:13-49
	android:windowSoftInputMode
		ADDED from examples\ChatDemoUI3.0\AndroidManifest.xml:135:13-52
	android:theme
		ADDED from examples\ChatDemoUI3.0\AndroidManifest.xml:134:13-52
	android:name
		ADDED from examples\ChatDemoUI3.0\AndroidManifest.xml:132:13-72
activity#com.hyphenate.chatuidemo.ui.ExitGroupDialog
ADDED from examples\ChatDemoUI3.0\AndroidManifest.xml:138:9-142:20
	android:screenOrientation
		ADDED from examples\ChatDemoUI3.0\AndroidManifest.xml:140:13-49
	android:theme
		ADDED from examples\ChatDemoUI3.0\AndroidManifest.xml:141:13-55
	android:name
		ADDED from examples\ChatDemoUI3.0\AndroidManifest.xml:139:13-71
activity#com.hyphenate.chatuidemo.ui.GroupPickContactsActivity
ADDED from examples\ChatDemoUI3.0\AndroidManifest.xml:144:9-149:20
	android:screenOrientation
		ADDED from examples\ChatDemoUI3.0\AndroidManifest.xml:146:13-49
	android:windowSoftInputMode
		ADDED from examples\ChatDemoUI3.0\AndroidManifest.xml:148:13-52
	android:theme
		ADDED from examples\ChatDemoUI3.0\AndroidManifest.xml:147:13-52
	android:name
		ADDED from examples\ChatDemoUI3.0\AndroidManifest.xml:145:13-81
activity#com.hyphenate.chatuidemo.ui.PickAtUserActivity
ADDED from examples\ChatDemoUI3.0\AndroidManifest.xml:151:9-154:25
	android:screenOrientation
		ADDED from examples\ChatDemoUI3.0\AndroidManifest.xml:152:13-49
	android:theme
		ADDED from examples\ChatDemoUI3.0\AndroidManifest.xml:153:13-52
	android:name
		ADDED from examples\ChatDemoUI3.0\AndroidManifest.xml:151:19-80
activity#com.hyphenate.easeui.ui.EaseBaiduMapActivity
ADDED from examples\ChatDemoUI3.0\AndroidManifest.xml:156:9-160:20
	android:screenOrientation
		ADDED from examples\ChatDemoUI3.0\AndroidManifest.xml:158:13-49
	android:theme
		ADDED from examples\ChatDemoUI3.0\AndroidManifest.xml:159:13-52
	android:name
		ADDED from examples\ChatDemoUI3.0\AndroidManifest.xml:157:13-72
activity#com.hyphenate.chatuidemo.ui.NewFriendsMsgActivity
ADDED from examples\ChatDemoUI3.0\AndroidManifest.xml:163:9-167:20
	android:screenOrientation
		ADDED from examples\ChatDemoUI3.0\AndroidManifest.xml:165:13-49
	android:theme
		ADDED from examples\ChatDemoUI3.0\AndroidManifest.xml:166:13-52
	android:name
		ADDED from examples\ChatDemoUI3.0\AndroidManifest.xml:164:13-77
activity#com.hyphenate.chatuidemo.ui.ForwardMessageActivity
ADDED from examples\ChatDemoUI3.0\AndroidManifest.xml:169:9-174:20
	android:screenOrientation
		ADDED from examples\ChatDemoUI3.0\AndroidManifest.xml:171:13-49
	android:windowSoftInputMode
		ADDED from examples\ChatDemoUI3.0\AndroidManifest.xml:173:13-52
	android:theme
		ADDED from examples\ChatDemoUI3.0\AndroidManifest.xml:172:13-52
	android:name
		ADDED from examples\ChatDemoUI3.0\AndroidManifest.xml:170:13-78
activity#com.hyphenate.chatuidemo.ui.ContextMenuActivity
ADDED from examples\ChatDemoUI3.0\AndroidManifest.xml:176:9-180:20
	android:screenOrientation
		ADDED from examples\ChatDemoUI3.0\AndroidManifest.xml:178:13-49
	android:theme
		ADDED from examples\ChatDemoUI3.0\AndroidManifest.xml:179:13-49
	android:name
		ADDED from examples\ChatDemoUI3.0\AndroidManifest.xml:177:13-75
activity#com.hyphenate.easeui.ui.EaseShowBigImageActivity
ADDED from examples\ChatDemoUI3.0\AndroidManifest.xml:182:9-186:20
	android:screenOrientation
		ADDED from examples\ChatDemoUI3.0\AndroidManifest.xml:184:13-49
	android:theme
		ADDED from examples\ChatDemoUI3.0\AndroidManifest.xml:185:13-52
	android:name
		ADDED from examples\ChatDemoUI3.0\AndroidManifest.xml:183:13-76
activity#com.hyphenate.easeui.ui.EaseShowNormalFileActivity
ADDED from examples\ChatDemoUI3.0\AndroidManifest.xml:188:9-192:20
	android:screenOrientation
		ADDED from examples\ChatDemoUI3.0\AndroidManifest.xml:190:13-49
	android:theme
		ADDED from examples\ChatDemoUI3.0\AndroidManifest.xml:191:13-52
	android:name
		ADDED from examples\ChatDemoUI3.0\AndroidManifest.xml:189:13-78
activity#com.hyphenate.chatuidemo.ui.BlacklistActivity
ADDED from examples\ChatDemoUI3.0\AndroidManifest.xml:194:9-198:20
	android:screenOrientation
		ADDED from examples\ChatDemoUI3.0\AndroidManifest.xml:196:13-49
	android:theme
		ADDED from examples\ChatDemoUI3.0\AndroidManifest.xml:197:13-52
	android:name
		ADDED from examples\ChatDemoUI3.0\AndroidManifest.xml:195:13-73
activity#com.hyphenate.chatuidemo.ui.PublicGroupsActivity
ADDED from examples\ChatDemoUI3.0\AndroidManifest.xml:201:9-206:20
	android:screenOrientation
		ADDED from examples\ChatDemoUI3.0\AndroidManifest.xml:203:13-49
	android:windowSoftInputMode
		ADDED from examples\ChatDemoUI3.0\AndroidManifest.xml:205:13-52
	android:theme
		ADDED from examples\ChatDemoUI3.0\AndroidManifest.xml:204:13-52
	android:name
		ADDED from examples\ChatDemoUI3.0\AndroidManifest.xml:202:13-76
activity#com.hyphenate.chatuidemo.ui.PublicChatRoomsActivity
ADDED from examples\ChatDemoUI3.0\AndroidManifest.xml:208:9-213:20
	android:screenOrientation
		ADDED from examples\ChatDemoUI3.0\AndroidManifest.xml:210:13-49
	android:windowSoftInputMode
		ADDED from examples\ChatDemoUI3.0\AndroidManifest.xml:212:13-52
	android:theme
		ADDED from examples\ChatDemoUI3.0\AndroidManifest.xml:211:13-52
	android:name
		ADDED from examples\ChatDemoUI3.0\AndroidManifest.xml:209:13-79
activity#com.hyphenate.chatuidemo.ui.VoiceCallActivity
ADDED from examples\ChatDemoUI3.0\AndroidManifest.xml:216:9-221:20
	android:screenOrientation
		ADDED from examples\ChatDemoUI3.0\AndroidManifest.xml:218:13-49
	android:launchMode
		ADDED from examples\ChatDemoUI3.0\AndroidManifest.xml:219:13-44
	android:theme
		ADDED from examples\ChatDemoUI3.0\AndroidManifest.xml:220:13-48
	android:name
		ADDED from examples\ChatDemoUI3.0\AndroidManifest.xml:217:13-73
activity#com.hyphenate.chatuidemo.ui.VideoCallActivity
ADDED from examples\ChatDemoUI3.0\AndroidManifest.xml:223:9-229:20
	android:screenOrientation
		ADDED from examples\ChatDemoUI3.0\AndroidManifest.xml:226:13-49
	android:launchMode
		ADDED from examples\ChatDemoUI3.0\AndroidManifest.xml:227:13-44
	android:configChanges
		ADDED from examples\ChatDemoUI3.0\AndroidManifest.xml:225:13-74
	android:theme
		ADDED from examples\ChatDemoUI3.0\AndroidManifest.xml:228:13-52
	android:name
		ADDED from examples\ChatDemoUI3.0\AndroidManifest.xml:224:13-73
activity#com.hyphenate.chatuidemo.ui.GroupSimpleDetailActivity
ADDED from examples\ChatDemoUI3.0\AndroidManifest.xml:231:9-235:20
	android:screenOrientation
		ADDED from examples\ChatDemoUI3.0\AndroidManifest.xml:233:13-49
	android:theme
		ADDED from examples\ChatDemoUI3.0\AndroidManifest.xml:234:13-52
	android:name
		ADDED from examples\ChatDemoUI3.0\AndroidManifest.xml:232:13-81
activity#com.hyphenate.chatuidemo.ui.GroupBlacklistActivity
ADDED from examples\ChatDemoUI3.0\AndroidManifest.xml:237:9-241:20
	android:screenOrientation
		ADDED from examples\ChatDemoUI3.0\AndroidManifest.xml:239:13-49
	android:theme
		ADDED from examples\ChatDemoUI3.0\AndroidManifest.xml:240:13-52
	android:name
		ADDED from examples\ChatDemoUI3.0\AndroidManifest.xml:238:13-78
activity#com.hyphenate.chatuidemo.ui.GroupSearchMessageActivity
ADDED from examples\ChatDemoUI3.0\AndroidManifest.xml:242:9-247:25
	android:screenOrientation
		ADDED from examples\ChatDemoUI3.0\AndroidManifest.xml:244:13-49
	android:windowSoftInputMode
		ADDED from examples\ChatDemoUI3.0\AndroidManifest.xml:246:13-55
	android:theme
		ADDED from examples\ChatDemoUI3.0\AndroidManifest.xml:245:13-52
	android:name
		ADDED from examples\ChatDemoUI3.0\AndroidManifest.xml:243:13-82
activity#com.hyphenate.chatuidemo.ui.PublicGroupsSeachActivity
ADDED from examples\ChatDemoUI3.0\AndroidManifest.xml:249:9-253:20
	android:screenOrientation
		ADDED from examples\ChatDemoUI3.0\AndroidManifest.xml:251:13-49
	android:theme
		ADDED from examples\ChatDemoUI3.0\AndroidManifest.xml:252:13-52
	android:name
		ADDED from examples\ChatDemoUI3.0\AndroidManifest.xml:250:13-81
activity#com.hyphenate.chatuidemo.ui.EditActivity
ADDED from examples\ChatDemoUI3.0\AndroidManifest.xml:254:9-259:20
	android:screenOrientation
		ADDED from examples\ChatDemoUI3.0\AndroidManifest.xml:256:13-49
	android:windowSoftInputMode
		ADDED from examples\ChatDemoUI3.0\AndroidManifest.xml:258:13-55
	android:theme
		ADDED from examples\ChatDemoUI3.0\AndroidManifest.xml:257:13-52
	android:name
		ADDED from examples\ChatDemoUI3.0\AndroidManifest.xml:255:13-68
activity#com.hyphenate.easeui.ui.EaseShowVideoActivity
ADDED from examples\ChatDemoUI3.0\AndroidManifest.xml:260:9-265:20
	android:screenOrientation
		ADDED from examples\ChatDemoUI3.0\AndroidManifest.xml:262:13-49
	android:windowSoftInputMode
		ADDED from examples\ChatDemoUI3.0\AndroidManifest.xml:264:13-60
	android:theme
		ADDED from examples\ChatDemoUI3.0\AndroidManifest.xml:263:13-52
	android:name
		ADDED from examples\ChatDemoUI3.0\AndroidManifest.xml:261:13-73
activity#com.hyphenate.chatuidemo.ui.ImageGridActivity
ADDED from examples\ChatDemoUI3.0\AndroidManifest.xml:267:9-272:20
	android:screenOrientation
		ADDED from examples\ChatDemoUI3.0\AndroidManifest.xml:269:13-49
	android:windowSoftInputMode
		ADDED from examples\ChatDemoUI3.0\AndroidManifest.xml:271:13-60
	android:theme
		ADDED from examples\ChatDemoUI3.0\AndroidManifest.xml:270:13-52
	android:name
		ADDED from examples\ChatDemoUI3.0\AndroidManifest.xml:268:13-73
activity#com.hyphenate.chatuidemo.ui.RecorderVideoActivity
ADDED from examples\ChatDemoUI3.0\AndroidManifest.xml:273:9-278:20
	android:screenOrientation
		ADDED from examples\ChatDemoUI3.0\AndroidManifest.xml:275:13-49
	android:windowSoftInputMode
		ADDED from examples\ChatDemoUI3.0\AndroidManifest.xml:277:13-60
	android:theme
		ADDED from examples\ChatDemoUI3.0\AndroidManifest.xml:276:13-52
	android:name
		ADDED from examples\ChatDemoUI3.0\AndroidManifest.xml:274:13-77
activity#com.hyphenate.chatuidemo.ui.DiagnoseActivity
ADDED from examples\ChatDemoUI3.0\AndroidManifest.xml:280:9-285:20
	android:screenOrientation
		ADDED from examples\ChatDemoUI3.0\AndroidManifest.xml:282:13-49
	android:windowSoftInputMode
		ADDED from examples\ChatDemoUI3.0\AndroidManifest.xml:284:13-60
	android:theme
		ADDED from examples\ChatDemoUI3.0\AndroidManifest.xml:283:13-52
	android:name
		ADDED from examples\ChatDemoUI3.0\AndroidManifest.xml:281:13-72
activity#com.hyphenate.chatuidemo.ui.OfflinePushNickActivity
ADDED from examples\ChatDemoUI3.0\AndroidManifest.xml:288:9-293:20
	android:screenOrientation
		ADDED from examples\ChatDemoUI3.0\AndroidManifest.xml:290:13-49
	android:windowSoftInputMode
		ADDED from examples\ChatDemoUI3.0\AndroidManifest.xml:292:13-60
	android:theme
		ADDED from examples\ChatDemoUI3.0\AndroidManifest.xml:291:13-52
	android:name
		ADDED from examples\ChatDemoUI3.0\AndroidManifest.xml:289:13-79
activity#com.hyphenate.chatuidemo.ui.RobotsActivity
ADDED from examples\ChatDemoUI3.0\AndroidManifest.xml:295:9-300:25
	android:screenOrientation
		ADDED from examples\ChatDemoUI3.0\AndroidManifest.xml:297:13-49
	android:windowSoftInputMode
		ADDED from examples\ChatDemoUI3.0\AndroidManifest.xml:299:13-60
	android:theme
		ADDED from examples\ChatDemoUI3.0\AndroidManifest.xml:298:13-52
	android:name
		ADDED from examples\ChatDemoUI3.0\AndroidManifest.xml:296:13-70
activity#com.hyphenate.chatuidemo.ui.UserProfileActivity
ADDED from examples\ChatDemoUI3.0\AndroidManifest.xml:302:3-306:19
	android:screenOrientation
		ADDED from examples\ChatDemoUI3.0\AndroidManifest.xml:304:7-43
	android:theme
		ADDED from examples\ChatDemoUI3.0\AndroidManifest.xml:305:7-46
	android:name
		ADDED from examples\ChatDemoUI3.0\AndroidManifest.xml:303:7-69
activity#com.easemob.redpacketui.ui.activity.RPRedPacketActivity
ADDED from examples\ChatDemoUI3.0\AndroidManifest.xml:310:9-315:15
	android:screenOrientation
		ADDED from examples\ChatDemoUI3.0\AndroidManifest.xml:312:13-49
	android:windowSoftInputMode
		ADDED from examples\ChatDemoUI3.0\AndroidManifest.xml:314:13-65
	android:theme
		ADDED from examples\ChatDemoUI3.0\AndroidManifest.xml:313:13-52
	android:name
		ADDED from examples\ChatDemoUI3.0\AndroidManifest.xml:311:13-83
activity#com.easemob.redpacketui.ui.activity.RPDetailActivity
ADDED from examples\ChatDemoUI3.0\AndroidManifest.xml:317:9-322:15
	android:screenOrientation
		ADDED from examples\ChatDemoUI3.0\AndroidManifest.xml:319:13-49
	android:windowSoftInputMode
		ADDED from examples\ChatDemoUI3.0\AndroidManifest.xml:321:13-52
	android:theme
		ADDED from examples\ChatDemoUI3.0\AndroidManifest.xml:320:13-52
	android:name
		ADDED from examples\ChatDemoUI3.0\AndroidManifest.xml:318:13-80
activity#com.easemob.redpacketui.ui.activity.RPRecordActivity
ADDED from examples\ChatDemoUI3.0\AndroidManifest.xml:324:9-329:15
	android:screenOrientation
		ADDED from examples\ChatDemoUI3.0\AndroidManifest.xml:326:13-49
	android:windowSoftInputMode
		ADDED from examples\ChatDemoUI3.0\AndroidManifest.xml:328:13-52
	android:theme
		ADDED from examples\ChatDemoUI3.0\AndroidManifest.xml:327:13-52
	android:name
		ADDED from examples\ChatDemoUI3.0\AndroidManifest.xml:325:13-80
activity#com.easemob.redpacketui.ui.activity.RPWebViewActivity
ADDED from examples\ChatDemoUI3.0\AndroidManifest.xml:331:9-336:15
	android:screenOrientation
		ADDED from examples\ChatDemoUI3.0\AndroidManifest.xml:333:13-49
	android:windowSoftInputMode
		ADDED from examples\ChatDemoUI3.0\AndroidManifest.xml:335:13-67
	android:theme
		ADDED from examples\ChatDemoUI3.0\AndroidManifest.xml:334:13-52
	android:name
		ADDED from examples\ChatDemoUI3.0\AndroidManifest.xml:332:13-81
activity#com.easemob.redpacketui.ui.activity.RPChangeActivity
ADDED from examples\ChatDemoUI3.0\AndroidManifest.xml:338:9-343:15
	android:screenOrientation
		ADDED from examples\ChatDemoUI3.0\AndroidManifest.xml:340:13-49
	android:windowSoftInputMode
		ADDED from examples\ChatDemoUI3.0\AndroidManifest.xml:342:13-67
	android:theme
		ADDED from examples\ChatDemoUI3.0\AndroidManifest.xml:341:13-52
	android:name
		ADDED from examples\ChatDemoUI3.0\AndroidManifest.xml:339:13-80
activity#com.easemob.redpacketui.ui.activity.RPBankCardActivity
ADDED from examples\ChatDemoUI3.0\AndroidManifest.xml:345:9-350:15
	android:screenOrientation
		ADDED from examples\ChatDemoUI3.0\AndroidManifest.xml:347:13-49
	android:windowSoftInputMode
		ADDED from examples\ChatDemoUI3.0\AndroidManifest.xml:349:13-64
	android:theme
		ADDED from examples\ChatDemoUI3.0\AndroidManifest.xml:348:13-52
	android:name
		ADDED from examples\ChatDemoUI3.0\AndroidManifest.xml:346:13-82
activity#com.easemob.redpacketui.ui.activity.RPGroupMemberActivity
ADDED from examples\ChatDemoUI3.0\AndroidManifest.xml:352:9-357:15
	android:screenOrientation
		ADDED from examples\ChatDemoUI3.0\AndroidManifest.xml:354:13-49
	android:windowSoftInputMode
		ADDED from examples\ChatDemoUI3.0\AndroidManifest.xml:356:13-64
	android:theme
		ADDED from examples\ChatDemoUI3.0\AndroidManifest.xml:355:13-52
	android:name
		ADDED from examples\ChatDemoUI3.0\AndroidManifest.xml:353:13-85
activity#com.alipay.sdk.app.H5PayActivity
ADDED from examples\ChatDemoUI3.0\AndroidManifest.xml:359:9-365:15
	android:screenOrientation
		ADDED from examples\ChatDemoUI3.0\AndroidManifest.xml:363:13-47
	android:exported
		ADDED from examples\ChatDemoUI3.0\AndroidManifest.xml:362:13-37
	android:windowSoftInputMode
		ADDED from examples\ChatDemoUI3.0\AndroidManifest.xml:364:13-67
	android:configChanges
		ADDED from examples\ChatDemoUI3.0\AndroidManifest.xml:361:13-85
	android:name
		ADDED from examples\ChatDemoUI3.0\AndroidManifest.xml:360:13-60
receiver#com.hyphenate.chatuidemo.receiver.StartServiceReceiver
ADDED from examples\ChatDemoUI3.0\AndroidManifest.xml:370:9-377:20
	android:name
		ADDED from examples\ChatDemoUI3.0\AndroidManifest.xml:370:19-88
intent-filter#android.intent.action.BOOT_COMPLETED+android.intent.action.QUICKBOOT_POWERON+android.intent.category.LAUNCHER
ADDED from examples\ChatDemoUI3.0\AndroidManifest.xml:371:13-376:29
	android:priority
		ADDED from examples\ChatDemoUI3.0\AndroidManifest.xml:371:28-51
action#android.intent.action.BOOT_COMPLETED
ADDED from examples\ChatDemoUI3.0\AndroidManifest.xml:372:17-79
	android:name
		ADDED from examples\ChatDemoUI3.0\AndroidManifest.xml:372:25-76
action#android.intent.action.QUICKBOOT_POWERON
ADDED from examples\ChatDemoUI3.0\AndroidManifest.xml:373:17-82
	android:name
		ADDED from examples\ChatDemoUI3.0\AndroidManifest.xml:373:25-79
receiver#com.hyphenate.chat.EMGCMBroadcastReceiver
ADDED from examples\ChatDemoUI3.0\AndroidManifest.xml:380:9-388:20
	android:exported
		ADDED from examples\ChatDemoUI3.0\AndroidManifest.xml:382:13-36
	android:permission
		ADDED from examples\ChatDemoUI3.0\AndroidManifest.xml:383:13-73
	android:name
		ADDED from examples\ChatDemoUI3.0\AndroidManifest.xml:381:13-69
intent-filter#com.google.android.c2dm.intent.RECEIVE+com.hyphenate.chatuidemo
ADDED from examples\ChatDemoUI3.0\AndroidManifest.xml:384:13-387:29
action#com.google.android.c2dm.intent.RECEIVE
ADDED from examples\ChatDemoUI3.0\AndroidManifest.xml:385:17-81
	android:name
		ADDED from examples\ChatDemoUI3.0\AndroidManifest.xml:385:25-78
category#com.hyphenate.chatuidemo
ADDED from examples\ChatDemoUI3.0\AndroidManifest.xml:386:17-69
	android:name
		ADDED from examples\ChatDemoUI3.0\AndroidManifest.xml:386:27-66
service#com.hyphenate.chat.EMGCMListenerService
ADDED from examples\ChatDemoUI3.0\AndroidManifest.xml:390:9-392:19
	android:exported
		ADDED from examples\ChatDemoUI3.0\AndroidManifest.xml:391:13-37
	android:name
		ADDED from examples\ChatDemoUI3.0\AndroidManifest.xml:390:18-72
receiver#com.hyphenate.chatuidemo.receiver.GCMPushBroadCast
ADDED from examples\ChatDemoUI3.0\AndroidManifest.xml:394:9-401:20
	android:exported